<?xml version="1.0" encoding="UTF-8"?>
<!-- Generated by org.testng.reporters.JUnitXMLReporter -->
<testsuite hostname="Arpit-Asus-Laptop" ignored="0" name="Command line test" tests="6" failures="0" timestamp="2021-05-25T15:09:27 IST" time="0.055" errors="0">
  <testcase name="IOSApps" time="0.004" classname="quickacademy.AppiumTest"/>
  <testcase name="NativeAppAndroid" time="0.0" classname="quickacademy.AppiumTest"/>
  <testcase name="deleteTwitter" time="0.0" classname="quickacademy.RestAPITest"/>
  <testcase name="postJira" time="0.0" classname="quickacademy.RestAPITest"/>
  <testcase name="BrowserAutomation" time="0.0" classname="quickacademy.SeleniumTest"/>
  <testcase name="elementsUI" time="0.0" classname="quickacademy.SeleniumTest"/>
</testsuite> <!-- Command line test -->
