<?xml version="1.0" encoding="UTF-8"?>
<!-- Generated by org.testng.reporters.JUnitXMLReporter -->
<testsuite hostname="Arpit-Asus-Laptop" ignored="0" name="Test" tests="6" failures="0" timestamp="2021-05-25T15:57:59 IST" time="0.058" errors="0">
  <testcase name="BrowserAutomation" time="0.005" classname="quickacademy.SeleniumTest"/>
  <testcase name="elementsUI" time="0.0" classname="quickacademy.SeleniumTest"/>
  <testcase name="deleteTwitter" time="0.001" classname="quickacademy.RestAPITest"/>
  <testcase name="postJira" time="0.0" classname="quickacademy.RestAPITest"/>
  <testcase name="IOSApps" time="0.0" classname="quickacademy.AppiumTest"/>
  <testcase name="NativeAppAndroid" time="0.0" classname="quickacademy.AppiumTest"/>
</testsuite> <!-- Test -->
