<?xml version="1.0" encoding="UTF-8"?>
<testng-results skipped="0" failed="0" ignored="0" total="6" passed="6">
  <reporter-output>
  </reporter-output>
  <suite name="Suite" duration-ms="58" started-at="2021-05-25T15:57:59 IST" finished-at="2021-05-25T15:57:59 IST">
    <groups>
    </groups>
    <test name="Test" duration-ms="58" started-at="2021-05-25T15:57:59 IST" finished-at="2021-05-25T15:57:59 IST">
      <class name="quickacademy.RestAPITest">
        <test-method status="PASS" signature="deleteTwitter()[pri:0, instance:quickacademy.RestAPITest@7791a895]" name="deleteTwitter" duration-ms="1" started-at="2021-05-25T15:57:59 IST" finished-at="2021-05-25T15:57:59 IST">
          <reporter-output>
          </reporter-output>
        </test-method> <!-- deleteTwitter -->
        <test-method status="PASS" signature="postJira()[pri:0, instance:quickacademy.RestAPITest@7791a895]" name="postJira" duration-ms="0" started-at="2021-05-25T15:57:59 IST" finished-at="2021-05-25T15:57:59 IST">
          <reporter-output>
          </reporter-output>
        </test-method> <!-- postJira -->
      </class> <!-- quickacademy.RestAPITest -->
      <class name="quickacademy.SeleniumTest">
        <test-method status="PASS" signature="BrowserAutomation()[pri:0, instance:quickacademy.SeleniumTest@335eadca]" name="BrowserAutomation" duration-ms="5" started-at="2021-05-25T15:57:59 IST" finished-at="2021-05-25T15:57:59 IST">
          <reporter-output>
          </reporter-output>
        </test-method> <!-- BrowserAutomation -->
        <test-method status="PASS" signature="elementsUI()[pri:0, instance:quickacademy.SeleniumTest@335eadca]" name="elementsUI" duration-ms="0" started-at="2021-05-25T15:57:59 IST" finished-at="2021-05-25T15:57:59 IST">
          <reporter-output>
          </reporter-output>
        </test-method> <!-- elementsUI -->
      </class> <!-- quickacademy.SeleniumTest -->
      <class name="quickacademy.AppiumTest">
        <test-method status="PASS" signature="IOSApps()[pri:0, instance:quickacademy.AppiumTest@3a5ed7a6]" name="IOSApps" duration-ms="0" started-at="2021-05-25T15:57:59 IST" finished-at="2021-05-25T15:57:59 IST">
          <reporter-output>
          </reporter-output>
        </test-method> <!-- IOSApps -->
        <test-method status="PASS" signature="NativeAppAndroid()[pri:0, instance:quickacademy.AppiumTest@3a5ed7a6]" name="NativeAppAndroid" duration-ms="0" started-at="2021-05-25T15:57:59 IST" finished-at="2021-05-25T15:57:59 IST">
          <reporter-output>
          </reporter-output>
        </test-method> <!-- NativeAppAndroid -->
      </class> <!-- quickacademy.AppiumTest -->
    </test> <!-- Test -->
  </suite> <!-- Suite -->
</testng-results>
