<?xml version="1.0" encoding="UTF-8"?>
<testng-results ignored="0" total="2" passed="2" failed="0" skipped="0">
  <reporter-output>
  </reporter-output>
  <suite started-at="2021-06-05T22:09:42 IST" name="Default suite" finished-at="2021-06-05T22:09:42 IST" duration-ms="53">
    <groups>
    </groups>
    <test started-at="2021-06-05T22:09:42 IST" name="Default test" finished-at="2021-06-05T22:09:42 IST" duration-ms="53">
      <class name="quickacademy.AppiumTest">
        <test-method signature="IOSApps()[pri:0, instance:quickacademy.AppiumTest@73700b80]" started-at="2021-06-05T22:09:42 IST" name="IOSApps" finished-at="2021-06-05T22:09:42 IST" duration-ms="8" status="PASS">
          <reporter-output>
          </reporter-output>
        </test-method> <!-- IOSApps -->
        <test-method signature="NativeAppAndroid()[pri:0, instance:quickacademy.AppiumTest@73700b80]" started-at="2021-06-05T22:09:42 IST" name="NativeAppAndroid" finished-at="2021-06-05T22:09:42 IST" duration-ms="2" status="PASS">
          <reporter-output>
          </reporter-output>
        </test-method> <!-- NativeAppAndroid -->
      </class> <!-- quickacademy.AppiumTest -->
    </test> <!-- Default test -->
  </suite> <!-- Default suite -->
</testng-results>
